c:\users\raph\cpp_spider\client\client\release\vc141.pdb
c:\users\raph\cpp_spider\client\client\release\systemlogger.obj
c:\users\raph\cpp_spider\client\client\release\mouselogger.obj
c:\users\raph\cpp_spider\client\client\release\main.obj
c:\users\raph\cpp_spider\client\client\release\loggerhandler.obj
c:\users\raph\cpp_spider\client\client\release\keyboardlogger.obj
c:\users\raph\cpp_spider\client\client\release\interpreter.obj
c:\users\raph\cpp_spider\client\client\release\imglog.obj
c:\users\raph\cpp_spider\client\client\release\debugprotect.obj
c:\users\raph\cpp_spider\client\client\release\datalogger.obj
c:\users\raph\cpp_spider\client\client\release\client.obj
c:\users\raph\cpp_spider\client\client\release\alogger.obj
c:\users\raph\cpp_spider\client\client\release\log.obj
c:\users\raph\cpp_spider\client\release\systemmgr.lib
c:\users\raph\cpp_spider\client\release\systemmgr.exp
c:\users\raph\cpp_spider\client\release\systemmgr.ipdb
c:\users\raph\cpp_spider\client\release\systemmgr.iobj
c:\users\raph\cpp_spider\client\release\systemmgr.pdb
c:\users\raph\cpp_spider\client\client\release\client.tlog\cl.command.1.tlog
c:\users\raph\cpp_spider\client\client\release\client.tlog\cl.read.1.tlog
c:\users\raph\cpp_spider\client\client\release\client.tlog\cl.write.1.tlog
c:\users\raph\cpp_spider\client\client\release\client.tlog\client.write.1u.tlog
c:\users\raph\cpp_spider\client\client\release\client.tlog\link.command.1.tlog
c:\users\raph\cpp_spider\client\client\release\client.tlog\link.read.1.tlog
c:\users\raph\cpp_spider\client\client\release\client.tlog\link.write.1.tlog
